<?xml version="1.0" encoding="UTF-8"?>
<!-- Generated by org.testng.reporters.JUnitReportReporter -->
<testsuite hostname="HARSHITA" failures="0" tests="1" name="fileUploadTask.SingleFileUploadTask" time="3.465" errors="0" timestamp="28 Aug 2018 02:57:57 GMT">
  <testcase classname="fileUploadTask.SingleFileUploadTask" name="FileUpload" time="3.465"/>
</testsuite> <!-- fileUploadTask.SingleFileUploadTask -->
