<?xml version="1.0" encoding="UTF-8"?>
<!-- Generated by org.testng.reporters.JUnitReportReporter -->
<testsuite hostname="HARSHITA" failures="0" tests="1" name="fileUploadTask.FileUploadTask" time="1.770" errors="0" timestamp="27 Aug 2018 23:02:02 GMT">
  <testcase classname="fileUploadTask.FileUploadTask" name="FileUpload" time="1.770"/>
</testsuite> <!-- fileUploadTask.FileUploadTask -->
